<?xml version="1.0" encoding="UTF-8"?>
<!-- Generated by org.testng.reporters.JUnitXMLReporter -->
<testsuite hostname="Think_Different" ignored="0" name="Add Customer Test" tests="3" failures="0" timestamp="2022-03-31T17:43:03 IST" time="1.876" errors="0">
  <testcase name="addCustomer" time="0.755" classname="testcases.AddCustomerTest"/>
  <testcase name="addCustomer" time="0.54" classname="testcases.AddCustomerTest"/>
  <testcase name="addCustomer" time="0.538" classname="testcases.AddCustomerTest"/>
</testsuite> <!-- Add Customer Test -->
