<?xml version="1.0" encoding="UTF-8"?>
<testng-results skipped="0" failed="0" ignored="0" total="5" passed="5">
  <reporter-output>
  </reporter-output>
  <suite name="Suite" duration-ms="4608" started-at="2022-03-31T17:42:59 IST" finished-at="2022-03-31T17:43:03 IST">
    <groups>
    </groups>
    <test name="Bank Manager Login Test" duration-ms="1651" started-at="2022-03-31T17:42:59 IST" finished-at="2022-03-31T17:43:00 IST">
      <class name="testcases.BankManagerLoginTest">
        <test-method status="PASS" signature="loginAsBankManager()[pri:0, instance:testcases.BankManagerLoginTest@9bcfb6]" name="loginAsBankManager" duration-ms="1604" started-at="2022-03-31T17:42:59 IST" finished-at="2022-03-31T17:43:00 IST">
          <reporter-output>
          </reporter-output>
        </test-method> <!-- loginAsBankManager -->
      </class> <!-- testcases.BankManagerLoginTest -->
    </test> <!-- Bank Manager Login Test -->
    <test name="Add Customer Test" duration-ms="1876" started-at="2022-03-31T17:43:01 IST" finished-at="2022-03-31T17:43:03 IST">
      <class name="testcases.AddCustomerTest">
        <test-method status="PASS" signature="addCustomer(java.lang.String,java.lang.String,java.lang.String)[pri:0, instance:testcases.AddCustomerTest@9dbdbf]" name="addCustomer" duration-ms="755" started-at="2022-03-31T17:43:01 IST" data-provider="dp1" finished-at="2022-03-31T17:43:02 IST">
          <params>
            <param index="0">
              <value>
                <![CDATA[Rahul]]>
              </value>
            </param>
            <param index="1">
              <value>
                <![CDATA[Arora]]>
              </value>
            </param>
            <param index="2">
              <value>
                <![CDATA[A34234]]>
              </value>
            </param>
          </params>
          <reporter-output>
          </reporter-output>
        </test-method> <!-- addCustomer -->
        <test-method status="PASS" signature="addCustomer(java.lang.String,java.lang.String,java.lang.String)[pri:0, instance:testcases.AddCustomerTest@9dbdbf]" name="addCustomer" duration-ms="540" started-at="2022-03-31T17:43:02 IST" data-provider="dp1" finished-at="2022-03-31T17:43:02 IST">
          <params>
            <param index="0">
              <value>
                <![CDATA[Cory]]>
              </value>
            </param>
            <param index="1">
              <value>
                <![CDATA[Paul]]>
              </value>
            </param>
            <param index="2">
              <value>
                <![CDATA[S3434]]>
              </value>
            </param>
          </params>
          <reporter-output>
          </reporter-output>
        </test-method> <!-- addCustomer -->
        <test-method status="PASS" signature="addCustomer(java.lang.String,java.lang.String,java.lang.String)[pri:0, instance:testcases.AddCustomerTest@9dbdbf]" name="addCustomer" duration-ms="538" started-at="2022-03-31T17:43:02 IST" data-provider="dp1" finished-at="2022-03-31T17:43:03 IST">
          <params>
            <param index="0">
              <value>
                <![CDATA[Aryan]]>
              </value>
            </param>
            <param index="1">
              <value>
                <![CDATA[Khan]]>
              </value>
            </param>
            <param index="2">
              <value>
                <![CDATA[S23434]]>
              </value>
            </param>
          </params>
          <reporter-output>
          </reporter-output>
        </test-method> <!-- addCustomer -->
      </class> <!-- testcases.AddCustomerTest -->
    </test> <!-- Add Customer Test -->
    <test name="Open Account Test" duration-ms="545" started-at="2022-03-31T17:43:03 IST" finished-at="2022-03-31T17:43:03 IST">
      <class name="testcases.OpenAccountTest">
        <test-method status="PASS" signature="setUp()[pri:0, instance:testcases.OpenAccountTest@1e2d8e3]" name="setUp" is-config="true" duration-ms="7832" started-at="2022-03-31T17:42:51 IST" finished-at="2022-03-31T17:42:59 IST">
          <reporter-output>
          </reporter-output>
        </test-method> <!-- setUp -->
        <test-method status="PASS" signature="openAccount(java.lang.String,java.lang.String)[pri:0, instance:testcases.OpenAccountTest@1e2d8e3]" name="openAccount" duration-ms="540" started-at="2022-03-31T17:43:03 IST" data-provider="dp1" finished-at="2022-03-31T17:43:03 IST">
          <params>
            <param index="0">
              <value>
                <![CDATA[Rahul Arora]]>
              </value>
            </param>
            <param index="1">
              <value>
                <![CDATA[Rupee]]>
              </value>
            </param>
          </params>
          <reporter-output>
          </reporter-output>
        </test-method> <!-- openAccount -->
        <test-method status="PASS" signature="tearDown()[pri:0, instance:testcases.OpenAccountTest@1e2d8e3]" name="tearDown" is-config="true" duration-ms="792" started-at="2022-03-31T17:43:03 IST" finished-at="2022-03-31T17:43:04 IST">
          <reporter-output>
          </reporter-output>
        </test-method> <!-- tearDown -->
      </class> <!-- testcases.OpenAccountTest -->
    </test> <!-- Open Account Test -->
  </suite> <!-- Suite -->
</testng-results>
